<?xml version="1.0" encoding="UTF-8"?>
<!--
  ~ Copyright (c) 2008-2019 Haulmont.
  ~
  ~ Licensed under the Apache License, Version 2.0 (the "License");
  ~ you may not use this file except in compliance with the License.
  ~ You may obtain a copy of the License at
  ~
  ~     http://www.apache.org/licenses/LICENSE-2.0
  ~
  ~ Unless required by applicable law or agreed to in writing, software
  ~ distributed under the License is distributed on an "AS IS" BASIS,
  ~ WITHOUT WARRANTIES OR CONDITIONS OF ANY KIND, either express or implied.
  ~ See the License for the specific language governing permissions and
  ~ limitations under the License.
  -->

<views xmlns="http://schemas.haulmont.com/cuba/view.xsd">

    <view class="com.haulmont.cuba.web.testmodel.sales.Customer"
          name="customer-with-systems"
          extends="_local"
          systemProperties="true">
        <property name="address" view="_local"/>
    </view>
    <view class="com.haulmont.cuba.web.testmodel.sales.Customer"
          name="customer-without-systems"
          extends="_local">
        <property name="address" view="_local"/>
    </view>
</views>